<?xml version="1.0" encoding="UTF-8"?>
<!-- Generated by org.testng.reporters.JUnitReportReporter -->
<testsuite hostname="Leon" failures="0" tests="1" name="Testcase.BaseClass" time="0.006" errors="0" timestamp="2020-07-03T11:47:03 ICT" skipped="0">
  <testcase classname="Testcase.BaseClass" name="sampleTest" time="0.006"/>
  <system-out/>
</testsuite> <!-- Testcase.BaseClass -->
