<?xml version="1.0" encoding="UTF-8"?>
<!-- Generated by org.testng.reporters.JUnitReportReporter -->
<testsuite hostname="Leon" failures="0" tests="2" name="Testcase.ChangePasswordOne" time="36.464" errors="0" timestamp="2020-07-03T13:31:48 ICT" skipped="0">
  <testcase classname="Testcase.ChangePasswordOne" name="ChangePassword_TCCP01" time="36.457"/>
  <system-out/>
  <testcase classname="Testcase.ChangePasswordOne" name="sampleTest" time="0.007"/>
  <system-out/>
</testsuite> <!-- Testcase.ChangePasswordOne -->
