<?xml version="1.0" encoding="UTF-8"?>
<!-- Generated by org.testng.reporters.JUnitReportReporter -->
<testsuite hostname="Leon" failures="0" tests="5" name="tests.Testcases" time="21.642" errors="0" timestamp="2020-07-02T14:24:41 ICT" skipped="0">
  <testcase classname="tests.Testcases" name="sampleTest" time="0.015"/>
  <system-out/>
  <testcase classname="tests.Testcases" name="logIn_TCLI01" time="3.350"/>
  <system-out/>
  <testcase classname="tests.Testcases" name="logIn_TCLI04" time="7.999"/>
  <system-out/>
  <testcase classname="tests.Testcases" name="logIn_TCLI02" time="3.163"/>
  <system-out/>
  <testcase classname="tests.Testcases" name="logIn_TCLI03" time="7.115"/>
  <system-out/>
</testsuite> <!-- tests.Testcases -->
