<?xml version="1.0" encoding="UTF-8"?>
<!-- Generated by org.testng.reporters.JUnitReportReporter -->
<testsuite hostname="Leon" failures="0" tests="1" name="Testcase.Login" time="0.007" errors="0" timestamp="2020-07-03T13:24:33 ICT" skipped="0">
  <testcase classname="Testcase.Login" name="sampleTest" time="0.007"/>
  <system-out/>
</testsuite> <!-- Testcase.Login -->
